Arguments: 
  /Users/ephelan/.nvm/versions/node/v16.13.0/bin/node /Users/ephelan/.nvm/versions/node/v16.13.0/bin/yarn add ts-node typescript -D

PATH: 
  /Users/ephelan/.nvm/versions/node/v16.13.0/bin:/usr/local/opt/coreutils/libexec/gnubin:/Users/ephelan/go/bin:/Users/ephelan/usr/local/opt/util-linux/bin:/usr/local/bin:/usr/bin:/bin:/usr/sbin:/sbin:/usr/local/munki:/Users/ephelan/.nvm/versions/node/v16.13.0/bin:/usr/local/opt/coreutils/libexec/gnubin:/Users/ephelan/go/bin:/Users/ephelan/usr/local/opt/util-linux/bin

Yarn version: 
  1.22.17

Node version: 
  16.13.0

Platform: 
  darwin x64

Trace: 
  SyntaxError: /Users/ephelan/code/src/github.com/playground/apicurio-data-models-usage/package.json: Unexpected token } in JSON at position 197
      at JSON.parse (<anonymous>)
      at /Users/ephelan/.nvm/versions/node/v16.13.0/lib/node_modules/yarn/lib/cli.js:1625:59
      at Generator.next (<anonymous>)
      at step (/Users/ephelan/.nvm/versions/node/v16.13.0/lib/node_modules/yarn/lib/cli.js:310:30)
      at /Users/ephelan/.nvm/versions/node/v16.13.0/lib/node_modules/yarn/lib/cli.js:321:13

npm manifest: 
  {
    "scripts": {
      "start": "node index.js"
    },
    "dependencies": {
      "apicurio-data-models": "1.1.20-SNAPSHOT"
    },
    "devDependencies": {
      "@stoplight/spectral-cli": "^6.1.0",
      "ts"
    }
  }

yarn manifest: 
  No manifest

Lockfile: 
  # THIS IS AN AUTOGENERATED FILE. DO NOT EDIT THIS FILE DIRECTLY.
  # yarn lockfile v1
  
  
  "@jsep-plugin/regex@^1.0.1":
    "integrity" "sha512-GroTtexnEfdVOvvALjW/JfV+wgRMadZKEA/lf9gE09zJejHhcBl+cqJxk2px9ub8k3gUrPe1j81Z1V4RDaSy8A=="
    "resolved" "https://registry.npmjs.org/@jsep-plugin/regex/-/regex-1.0.1.tgz"
    "version" "1.0.1"
  
  "@jsep-plugin/ternary@^1.0.2":
    "integrity" "sha512-hoCxJW/uVT1z9LGsZr1t2m7XNmE5k8w2P+5hfegVOuy9bQFrFESRe/XSd+KZ4eAbGnTkyHqOPct2LTa9qFUrMQ=="
    "resolved" "https://registry.npmjs.org/@jsep-plugin/ternary/-/ternary-1.0.2.tgz"
    "version" "1.0.2"
  
  "@nodelib/fs.scandir@2.1.5":
    "integrity" "sha512-vq24Bq3ym5HEQm2NKCr3yXDwjc7vTsEThRDnkp2DK9p1uqLR+DHurm/NOTo0KG7HYHU7eppKZj3MyqYuMBf62g=="
    "resolved" "https://registry.npmjs.org/@nodelib/fs.scandir/-/fs.scandir-2.1.5.tgz"
    "version" "2.1.5"
    dependencies:
      "@nodelib/fs.stat" "2.0.5"
      "run-parallel" "^1.1.9"
  
  "@nodelib/fs.stat@^2.0.2", "@nodelib/fs.stat@2.0.5":
    "integrity" "sha512-RkhPPp2zrqDAQA/2jNhnztcPAlv64XdhIp7a7454A5ovI7Bukxgt7MX7udwAu3zg1DcpPU0rz3VV1SeaqvY4+A=="
    "resolved" "https://registry.npmjs.org/@nodelib/fs.stat/-/fs.stat-2.0.5.tgz"
    "version" "2.0.5"
  
  "@nodelib/fs.walk@^1.2.3":
    "integrity" "sha512-oGB+UxlgWcgQkgwo8GcEGwemoTFt3FIO9ababBmaGwXIoBKZ+GTy0pP185beGg7Llih/NSHSV2XAs1lnznocSg=="
    "resolved" "https://registry.npmjs.org/@nodelib/fs.walk/-/fs.walk-1.2.8.tgz"
    "version" "1.2.8"
    dependencies:
      "@nodelib/fs.scandir" "2.1.5"
      "fastq" "^1.6.0"
  
  "@rollup/plugin-commonjs@^20.0.0":
    "integrity" "sha512-5K0g5W2Ol8hAcTHqcTBHiA7M58tfmYi1o9KxeJuuRNpGaTa5iLjcyemBitCBcKXaHamOBBEH2dGom6v6Unmqjg=="
    "resolved" "https://registry.npmjs.org/@rollup/plugin-commonjs/-/plugin-commonjs-20.0.0.tgz"
    "version" "20.0.0"
    dependencies:
      "@rollup/pluginutils" "^3.1.0"
      "commondir" "^1.0.1"
      "estree-walker" "^2.0.1"
      "glob" "^7.1.6"
      "is-reference" "^1.2.1"
      "magic-string" "^0.25.7"
      "resolve" "^1.17.0"
  
  "@rollup/pluginutils@^3.1.0":
    "integrity" "sha512-GksZ6pr6TpIjHm8h9lSQ8pi8BE9VeubNT0OMJ3B5uZJ8pz73NPiqOtCog/x2/QzM1ENChPKxMDhiQuRHsqc+lg=="
    "resolved" "https://registry.npmjs.org/@rollup/pluginutils/-/pluginutils-3.1.0.tgz"
    "version" "3.1.0"
    dependencies:
      "@types/estree" "0.0.39"
      "estree-walker" "^1.0.1"
      "picomatch" "^2.2.2"
  
  "@stoplight/better-ajv-errors@0.2.0":
    "integrity" "sha512-3vBbXBDplfeOGS2rT4PyOwJ1K0A7/NqlVXI6sJ/XchQlrMXFMKtj4qExBLxr4M9ZiiESu48uhbdS3Nx8A0S+ZA=="
    "resolved" "https://registry.npmjs.org/@stoplight/better-ajv-errors/-/better-ajv-errors-0.2.0.tgz"
    "version" "0.2.0"
    dependencies:
      "jsonpointer" "^4.0.1"
      "leven" "^3.1.0"
  
  "@stoplight/json-ref-readers@1.2.2":
    "integrity" "sha512-nty0tHUq2f1IKuFYsLM4CXLZGHdMn+X/IwEUIpeSOXt0QjMUbL0Em57iJUDzz+2MkWG83smIigNZ3fauGjqgdQ=="
    "resolved" "https://registry.npmjs.org/@stoplight/json-ref-readers/-/json-ref-readers-1.2.2.tgz"
    "version" "1.2.2"
    dependencies:
      "node-fetch" "^2.6.0"
      "tslib" "^1.14.1"
  
  "@stoplight/json-ref-resolver@3.1.3":
    "integrity" "sha512-SgoKXwVnlpIZUyAFX4W79eeuTWvXmNlMfICZixL16GZXnkjcW+uZnfmAU0ZIjcnaTgaI4mjfxn8LAP2KR6Cr0A=="
    "resolved" "https://registry.npmjs.org/@stoplight/json-ref-resolver/-/json-ref-resolver-3.1.3.tgz"
    "version" "3.1.3"
    dependencies:
      "@stoplight/json" "^3.17.0"
      "@stoplight/path" "^1.3.2"
      "@stoplight/types" "^12.3.0"
      "@types/urijs" "^1.19.16"
      "dependency-graph" "~0.11.0"
      "fast-memoize" "^2.5.2"
      "immer" "^9.0.6"
      "lodash.get" "^4.4.2"
      "lodash.set" "^4.3.2"
      "tslib" "^2.3.1"
      "urijs" "^1.19.6"
  
  "@stoplight/json@^3.15.0", "@stoplight/json@^3.17.0", "@stoplight/json@3.17.0":
    "integrity" "sha512-WW0z2bb0D4t8FTl+zNTCu46J8lEOsrUhBPgwEYQ3Ri2Y0MiRE4U1/9ZV8Ki+pIJznZgY9i42bbFwOBxyZn5/6w=="
    "resolved" "https://registry.npmjs.org/@stoplight/json/-/json-3.17.0.tgz"
    "version" "3.17.0"
    dependencies:
      "@stoplight/ordered-object-literal" "^1.0.2"
      "@stoplight/types" "^12.3.0"
      "jsonc-parser" "~2.2.1"
      "lodash" "^4.17.21"
      "safe-stable-stringify" "^1.1"
  
  "@stoplight/json@3.15.0":
    "integrity" "sha512-FxdmBaZyt6FZVN8F/GaGzevLxjkW1gLHC5cPeb4slMM8BIXCxKluIkGLzmb4bnkk2+4gPaYj75V28U6s0WNrbQ=="
    "resolved" "https://registry.npmjs.org/@stoplight/json/-/json-3.15.0.tgz"
    "version" "3.15.0"
    dependencies:
      "@stoplight/ordered-object-literal" "^1.0.1"
      "@stoplight/types" "^12.2.0"
      "jsonc-parser" "~2.2.1"
      "lodash" "^4.17.15"
      "safe-stable-stringify" "^1.1"
  
  "@stoplight/lifecycle@2.3.2":
    "integrity" "sha512-v0u8p27FA/eg04b4z6QXw4s0NeeFcRzyvseBW0+k/q4jtpg7EhVCqy42EbbbU43NTNDpIeQ81OcvkFz+6CYshw=="
    "resolved" "https://registry.npmjs.org/@stoplight/lifecycle/-/lifecycle-2.3.2.tgz"
    "version" "2.3.2"
    dependencies:
      "wolfy87-eventemitter" "~5.2.8"
  
  "@stoplight/ordered-object-literal@^1.0.1", "@stoplight/ordered-object-literal@^1.0.2", "@stoplight/ordered-object-literal@1.0.2":
    "integrity" "sha512-0ZMS/9sNU3kVo/6RF3eAv7MK9DY8WLjiVJB/tVyfF2lhr2R4kqh534jZ0PlrFB9CRXrdndzn1DbX6ihKZXft2w=="
    "resolved" "https://registry.npmjs.org/@stoplight/ordered-object-literal/-/ordered-object-literal-1.0.2.tgz"
    "version" "1.0.2"
  
  "@stoplight/path@^1.3.2", "@stoplight/path@1.3.2":
    "integrity" "sha512-lyIc6JUlUA8Ve5ELywPC8I2Sdnh1zc1zmbYgVarhXIp9YeAB0ReeqmGEOWNtlHkbP2DAA1AL65Wfn2ncjK/jtQ=="
    "resolved" "https://registry.npmjs.org/@stoplight/path/-/path-1.3.2.tgz"
    "version" "1.3.2"
  
  "@stoplight/spectral-cli@^6.1.0":
    "integrity" "sha512-sJH35o6GX2Dg5SSpfczGBaJx6dHLShSEYWWA80hEFr5j7L1K/e3cAEowYW5KidldZDRqkO+ekC8cxDnDXTTUbg=="
    "resolved" "https://registry.npmjs.org/@stoplight/spectral-cli/-/spectral-cli-6.1.0.tgz"
    "version" "6.1.0"
    dependencies:
      "@rollup/plugin-commonjs" "^20.0.0"
      "@stoplight/json" "3.17.0"
      "@stoplight/path" "1.3.2"
      "@stoplight/spectral-core" "^1.5.1"
      "@stoplight/spectral-parsers" "^1.0.1"
      "@stoplight/spectral-ref-resolver" "1.0.1"
      "@stoplight/spectral-ruleset-bundler" "^1.0.0"
      "@stoplight/spectral-ruleset-migrator" "^1.5.0"
      "@stoplight/spectral-rulesets" ">=1"
      "@stoplight/spectral-runtime" "^1.1.0"
      "@stoplight/types" "12.3.0"
      "chalk" "4.1.2"
      "cliui" "7.0.4"
      "eol" "0.9.1"
      "fast-glob" "3.2.7"
      "lodash" "~4.17.21"
      "pony-cause" "^1.0.0"
      "proxy-agent" "5.0.0"
      "strip-ansi" "6.0"
      "text-table" "0.2"
      "tslib" "^2.3.0"
      "yargs" "17.2.1"
  
  "@stoplight/spectral-core@^1.1.0", "@stoplight/spectral-core@^1.3.0", "@stoplight/spectral-core@^1.5.1", "@stoplight/spectral-core@>=1":
    "integrity" "sha512-3oLmUMJyK4rzs5HDkMD3Y+WK62+M/29hadYjpsnObhzKwSzZqdbFxhmPVCmMutnrZCpSLxC2un6eLeqc21miTQ=="
    "resolved" "https://registry.npmjs.org/@stoplight/spectral-core/-/spectral-core-1.6.1.tgz"
    "version" "1.6.1"
    dependencies:
      "@stoplight/better-ajv-errors" "0.2.0"
      "@stoplight/json" "3.17.0"
      "@stoplight/lifecycle" "2.3.2"
      "@stoplight/path" "1.3.2"
      "@stoplight/spectral-parsers" "^1.0.0"
      "@stoplight/spectral-ref-resolver" "^1.0.0"
      "@stoplight/spectral-runtime" "^1.0.0"
      "@stoplight/types" "12.3.0"
      "ajv" "~8.6.0"
      "ajv-errors" "~3.0.0"
      "ajv-formats" "~2.1.0"
      "blueimp-md5" "2.18.0"
      "json-schema" "0.3.0"
      "jsonpath-plus" "6.0.1"
      "lodash" "~4.17.21"
      "lodash.topath" "^4.5.2"
      "minimatch" "3.0.4"
      "nimma" "0.1.6"
      "simple-eval" "1.0.0"
      "tslib" "^2.3.0"
  
  "@stoplight/spectral-formats@^1.0.0", "@stoplight/spectral-formats@^1.0.1", "@stoplight/spectral-formats@>=1":
    "integrity" "sha512-l4cZ6imTqdCmNI8eexvWMoSSptx2lmdFRXSiX7P9ZDdKeRjQkJ49U5OttRr69IBaWdiHEP8Gw/cfnZDYOJKD5A=="
    "resolved" "https://registry.npmjs.org/@stoplight/spectral-formats/-/spectral-formats-1.0.1.tgz"
    "version" "1.0.1"
    dependencies:
      "@stoplight/json" "3.15.0"
      "@stoplight/spectral-core" "^1.1.0"
      "@stoplight/types" "12.3.0"
      "@types/json-schema" "^7.0.7"
  
  "@stoplight/spectral-functions@^1.0.0", "@stoplight/spectral-functions@^1.1.2", "@stoplight/spectral-functions@>=1":
    "integrity" "sha512-uSubCy1hpY3hWlJnYtH43NJoe2sTA0O12slRz++KQ6cMJUf3w0x9X4nLKkJ+paJoYJaDmhdWTrR2Gg41ji44yg=="
    "resolved" "https://registry.npmjs.org/@stoplight/spectral-functions/-/spectral-functions-1.4.0.tgz"
    "version" "1.4.0"
    dependencies:
      "@stoplight/better-ajv-errors" "0.2.0"
      "@stoplight/json" "3.17.0"
      "@stoplight/spectral-core" "^1.1.0"
      "@stoplight/spectral-formats" "^1.0.0"
      "@stoplight/spectral-runtime" "*"
      "@stoplight/types" "12.3.0"
      "ajv" "~8.6.3"
      "ajv-draft-04" "~1.0.0"
      "ajv-errors" "~3.0.0"
      "ajv-formats" "~2.1.0"
      "lodash" "~4.17.21"
      "tslib" "^2.3.0"
  
  "@stoplight/spectral-parsers@^1.0.0", "@stoplight/spectral-parsers@^1.0.1", "@stoplight/spectral-parsers@>=1":
    "integrity" "sha512-JGKlrTxhjUzIGo2FOCf8Qp0WKTWXedoRNPovqYPE8pAp08epqU8DzHwl/i46BGH5yfTmouKMZgBN/PV2+Cr5jw=="
    "resolved" "https://registry.npmjs.org/@stoplight/spectral-parsers/-/spectral-parsers-1.0.1.tgz"
    "version" "1.0.1"
    dependencies:
      "@stoplight/json" "3.17.0"
      "@stoplight/types" "12.3.0"
      "@stoplight/yaml" "4.2.2"
      "tslib" "^2.3.1"
  
  "@stoplight/spectral-ref-resolver@^1.0.0", "@stoplight/spectral-ref-resolver@>=1", "@stoplight/spectral-ref-resolver@1.0.1":
    "integrity" "sha512-0tY7nTOccvTsa3c4QbSWfJ8wGfPO1RXvmKnmBjuyLfoTMNuhkHPII9gKhCjygsshzsBLxs2IyRHZYhWYVnEbCA=="
    "resolved" "https://registry.npmjs.org/@stoplight/spectral-ref-resolver/-/spectral-ref-resolver-1.0.1.tgz"
    "version" "1.0.1"
    dependencies:
      "@stoplight/json-ref-readers" "1.2.2"
      "@stoplight/json-ref-resolver" "3.1.3"
      "@stoplight/spectral-runtime" "^1.0.0"
      "dependency-graph" "0.11.0"
      "tslib" "^2.3.1"
  
  "@stoplight/spectral-ruleset-bundler@^1.0.0":
    "integrity" "sha512-3P16g3ZledGeTDoFzHrz8HQ46KNSgnV4wvNutI6KEpz8RYjmVn3trJRjNzy1yD0aXCclCihVzPmeSB8HF9A7xw=="
    "resolved" "https://registry.npmjs.org/@stoplight/spectral-ruleset-bundler/-/spectral-ruleset-bundler-1.0.0.tgz"
    "version" "1.0.0"
    dependencies:
      "@stoplight/path" "1.3.2"
      "@stoplight/spectral-core" ">=1"
      "@stoplight/spectral-formats" ">=1"
      "@stoplight/spectral-functions" ">=1"
      "@stoplight/spectral-parsers" ">=1"
      "@stoplight/spectral-ref-resolver" ">=1"
      "@stoplight/spectral-rulesets" ">=1"
      "@stoplight/spectral-runtime" "^1.1.0"
      "@stoplight/types" "12.3.0"
      "@types/node" "*"
      "rollup" "~2.56.3"
      "validate-npm-package-name" "3.0.0"
  
  "@stoplight/spectral-ruleset-migrator@^1.5.0":
    "integrity" "sha512-2oXHJStKlY8p3n9mUxED/dVw/EGFBXqLtWUhtUhl4OATvdlDPPAB7ZoPxVU9uqLPuf5jVDuMzUsFvR1YITKCfg=="
    "resolved" "https://registry.npmjs.org/@stoplight/spectral-ruleset-migrator/-/spectral-ruleset-migrator-1.5.2.tgz"
    "version" "1.5.2"
    dependencies:
      "@stoplight/json" "3.17.0"
      "@stoplight/ordered-object-literal" "1.0.2"
      "@stoplight/path" "1.3.2"
      "@stoplight/spectral-functions" "^1.0.0"
      "@stoplight/spectral-runtime" "^1.1.0"
      "@stoplight/types" "12.3.0"
      "@stoplight/yaml" "4.2.2"
      "@types/node" "*"
      "ajv" "^8.6.0"
      "ast-types" "0.14.2"
      "astring" "^1.7.5"
      "reserved" "0.1.2"
  
  "@stoplight/spectral-rulesets@>=1":
    "integrity" "sha512-HxgSfSSTI/iyEwheNz4pltQQWEc12smxJIEALCDCkHSsJGs7ID2uhthGUJEK0Tdvw0FqnBi4EnuKJ4srDuCJew=="
    "resolved" "https://registry.npmjs.org/@stoplight/spectral-rulesets/-/spectral-rulesets-1.3.0.tgz"
    "version" "1.3.0"
    dependencies:
      "@stoplight/better-ajv-errors" "0.2.0"
      "@stoplight/json" "3.17.0"
      "@stoplight/spectral-core" "^1.3.0"
      "@stoplight/spectral-formats" "^1.0.1"
      "@stoplight/spectral-functions" "^1.1.2"
      "@stoplight/spectral-runtime" "^1.0.0"
      "@stoplight/types" "^12.3.0"
      "@types/json-schema" "^7.0.7"
      "ajv" "~8.6.0"
      "ajv-formats" "~2.1.0"
      "json-schema-traverse" "^1.0.0"
      "lodash" "~4.17.21"
      "tslib" "^2.3.0"
  
  "@stoplight/spectral-runtime@*", "@stoplight/spectral-runtime@^1.0.0", "@stoplight/spectral-runtime@^1.1.0":
    "integrity" "sha512-/9gjGFRNf+h8iJ5OOUASMI+SNNovVcjcRzdiCMzOMQGnhc9GR77rqL7U7E5zoJymuwIXkvvvPt1Ka0QiSH/5zA=="
    "resolved" "https://registry.npmjs.org/@stoplight/spectral-runtime/-/spectral-runtime-1.1.0.tgz"
    "version" "1.1.0"
    dependencies:
      "@stoplight/json" "^3.15.0"
      "@stoplight/path" "^1.3.2"
      "@stoplight/types" "^12.3.0"
      "abort-controller" "^3.0.0"
      "lodash" "^4.17.21"
      "node-fetch" "^2.6.1"
  
  "@stoplight/types@^12.0.0", "@stoplight/types@^12.2.0", "@stoplight/types@^12.3.0", "@stoplight/types@12.3.0":
    "integrity" "sha512-hgzUR1z5BlYvIzUeFK5pjs5JXSvEutA9Pww31+dVicBlunsG1iXopDx/cvfBY7rHOrgtZDuvyeK4seqkwAZ6Cg=="
    "resolved" "https://registry.npmjs.org/@stoplight/types/-/types-12.3.0.tgz"
    "version" "12.3.0"
    dependencies:
      "@types/json-schema" "^7.0.4"
      "utility-types" "^3.10.0"
  
  "@stoplight/yaml-ast-parser@0.0.48":
    "integrity" "sha512-sV+51I7WYnLJnKPn2EMWgS4EUfoP4iWEbrWwbXsj0MZCB/xOK8j6+C9fntIdOM50kpx45ZLC3s6kwKivWuqvyg=="
    "resolved" "https://registry.npmjs.org/@stoplight/yaml-ast-parser/-/yaml-ast-parser-0.0.48.tgz"
    "version" "0.0.48"
  
  "@stoplight/yaml@4.2.2":
    "integrity" "sha512-N086FU8pmSpjc5TvMBjmlTniZVh3OXzmEh6SYljSLiuv6aMxgjyjf13YrAlUqgu0b4b6pQ5zmkjrfo9i0SiLsw=="
    "resolved" "https://registry.npmjs.org/@stoplight/yaml/-/yaml-4.2.2.tgz"
    "version" "4.2.2"
    dependencies:
      "@stoplight/ordered-object-literal" "^1.0.1"
      "@stoplight/types" "^12.0.0"
      "@stoplight/yaml-ast-parser" "0.0.48"
      "tslib" "^2.2.0"
  
  "@tootallnate/once@1":
    "integrity" "sha512-RbzJvlNzmRq5c3O09UipeuXno4tA1FE6ikOjxZK0tuxVv3412l64l5t1W5pj4+rJq9vpkm/kwiR07aZXnsKPxw=="
    "resolved" "https://registry.npmjs.org/@tootallnate/once/-/once-1.1.2.tgz"
    "version" "1.1.2"
  
  "@types/estree@*", "@types/estree@0.0.39":
    "integrity" "sha512-EYNwp3bU+98cpU4lAWYYL7Zz+2gryWH1qbdDTidVd6hkiR6weksdbMadyXKXNPEkQFhXM+hVO9ZygomHXp+AIw=="
    "resolved" "https://registry.npmjs.org/@types/estree/-/estree-0.0.39.tgz"
    "version" "0.0.39"
  
  "@types/json-schema@^7.0.4", "@types/json-schema@^7.0.7":
    "integrity" "sha512-qcUXuemtEu+E5wZSJHNxUXeCZhAfXKQ41D+duX+VYPde7xyEVZci+/oXKJL13tnRs9lR2pr4fod59GT6/X1/yQ=="
    "resolved" "https://registry.npmjs.org/@types/json-schema/-/json-schema-7.0.9.tgz"
    "version" "7.0.9"
  
  "@types/node@*":
    "integrity" "sha512-3aRnHa1KlOEEhJ6+CvyHKK5vE9BcLGjtUpwvqYLRvYNQKMfabu3BwfJaA/SLW8dxe28LsNDjtHwePTuzn3gmOA=="
    "resolved" "https://registry.npmjs.org/@types/node/-/node-16.11.10.tgz"
    "version" "16.11.10"
  
  "@types/urijs@^1.19.16":
    "integrity" "sha512-ShIlp+8iNGo/yVVfYFoNRqUiaE9wMCzsSl85qTg2/C5l56BTJokU7QeMgVBQ9xhcyhWQP0zGXPBZPPvEG/sRmQ=="
    "resolved" "https://registry.npmjs.org/@types/urijs/-/urijs-1.19.17.tgz"
    "version" "1.19.17"
  
  "abort-controller@^3.0.0":
    "integrity" "sha512-h8lQ8tacZYnR3vNQTgibj+tODHI5/+l06Au2Pcriv/Gmet0eaj4TwWH41sO9wnHDiQsEj19q0drzdWdeAHtweg=="
    "resolved" "https://registry.npmjs.org/abort-controller/-/abort-controller-3.0.0.tgz"
    "version" "3.0.0"
    dependencies:
      "event-target-shim" "^5.0.0"
  
  "agent-base@^6.0.0", "agent-base@^6.0.2", "agent-base@6":
    "integrity" "sha512-RZNwNclF7+MS/8bDg70amg32dyeZGZxiDuQmZxKLAlQjr3jGyLx+4Kkk58UO7D2QdgFIQCovuSuZESne6RG6XQ=="
    "resolved" "https://registry.npmjs.org/agent-base/-/agent-base-6.0.2.tgz"
    "version" "6.0.2"
    dependencies:
      "debug" "4"
  
  "ajv-draft-04@~1.0.0":
    "integrity" "sha512-mv00Te6nmYbRp5DCwclxtt7yV/joXJPGS7nM+97GdxvuttCOfgI3K4U25zboyeX0O+myI8ERluxQe5wljMmVIw=="
    "resolved" "https://registry.npmjs.org/ajv-draft-04/-/ajv-draft-04-1.0.0.tgz"
    "version" "1.0.0"
  
  "ajv-errors@~3.0.0":
    "integrity" "sha512-V3wD15YHfHz6y0KdhYFjyy9vWtEVALT9UrxfN3zqlI6dMioHnJrqOYfyPKol3oqrnCM9uwkcdCwkJ0WUcbLMTQ=="
    "resolved" "https://registry.npmjs.org/ajv-errors/-/ajv-errors-3.0.0.tgz"
    "version" "3.0.0"
  
  "ajv-formats@~2.1.0":
    "integrity" "sha512-Wx0Kx52hxE7C18hkMEggYlEifqWZtYaRgouJor+WMdPnQyEK13vgEWyVNup7SoeeoLMsr4kf5h6dOW11I15MUA=="
    "resolved" "https://registry.npmjs.org/ajv-formats/-/ajv-formats-2.1.1.tgz"
    "version" "2.1.1"
    dependencies:
      "ajv" "^8.0.0"
  
  "ajv@^8.0.0", "ajv@^8.0.1", "ajv@^8.5.0", "ajv@^8.6.0", "ajv@>=8", "ajv@~8.6.0", "ajv@~8.6.3":
    "integrity" "sha512-SMJOdDP6LqTkD0Uq8qLi+gMwSt0imXLSV080qFVwJCpH9U6Mb+SUGHAXM0KNbcBPguytWyvFxcHgMLe2D2XSpw=="
    "resolved" "https://registry.npmjs.org/ajv/-/ajv-8.6.3.tgz"
    "version" "8.6.3"
    dependencies:
      "fast-deep-equal" "^3.1.1"
      "json-schema-traverse" "^1.0.0"
      "require-from-string" "^2.0.2"
      "uri-js" "^4.2.2"
  
  "ansi-regex@^5.0.1":
    "integrity" "sha512-quJQXlTSUGL2LH9SUXo8VwsY4soanhgo6LNSm84E1LBcE8s3O0wpdiRzyR9z/ZZJMlMWv37qOOb9pdJlMUEKFQ=="
    "resolved" "https://registry.npmjs.org/ansi-regex/-/ansi-regex-5.0.1.tgz"
    "version" "5.0.1"
  
  "ansi-styles@^4.0.0", "ansi-styles@^4.1.0":
    "integrity" "sha512-zbB9rCJAT1rbjiVDb2hqKFHNYLxgtk8NURxZ3IZwD3F6NtxbXZQCnnSi1Lkx+IDohdPlFp222wVALIheZJQSEg=="
    "resolved" "https://registry.npmjs.org/ansi-styles/-/ansi-styles-4.3.0.tgz"
    "version" "4.3.0"
    dependencies:
      "color-convert" "^2.0.1"
  
  "apicurio-data-models@file:../../../../../.nvm/versions/node/v16.13.0/lib/node_modules/apicurio-data-models":
    "resolved" "file:../../../../../.nvm/versions/node/v16.13.0/lib/node_modules/apicurio-data-models"
    "version" "1.1.19"
    dependencies:
      "core-js" "3.19.0"
  
  "ast-types@^0.13.2":
    "integrity" "sha512-x1FCFnFifvYDDzTaLII71vG5uvDwgtmDTEVWAxrgeiR8VjMONcCXJx7E+USjDtHlwFmt9MysbqgF9b9Vjr6w+w=="
    "resolved" "https://registry.npmjs.org/ast-types/-/ast-types-0.13.4.tgz"
    "version" "0.13.4"
    dependencies:
      "tslib" "^2.0.1"
  
  "ast-types@0.14.2":
    "integrity" "sha512-O0yuUDnZeQDL+ncNGlJ78BiO4jnYI3bvMsD5prT0/nsgijG/LpNBIr63gTjVTNsiGkgQhiyCShTgxt8oXOrklA=="
    "resolved" "https://registry.npmjs.org/ast-types/-/ast-types-0.14.2.tgz"
    "version" "0.14.2"
    dependencies:
      "tslib" "^2.0.1"
  
  "astring@^1.7.5":
    "integrity" "sha512-Aj3mbwVzj7Vve4I/v2JYOPFkCGM2YS7OqQTNSxmUR+LECRpokuPgAYghePgr6SALDo5bD5DlfbSaYjOzGJZOLQ=="
    "resolved" "https://registry.npmjs.org/astring/-/astring-1.8.1.tgz"
    "version" "1.8.1"
  
  "balanced-match@^1.0.0":
    "integrity" "sha512-3oSeUO0TMV67hN1AmbXsK4yaqU7tjiHlbxRDZOpH0KW9+CeX4bRAaX0Anxt0tx2MrpRpWwQaPwIlISEJhYU5Pw=="
    "resolved" "https://registry.npmjs.org/balanced-match/-/balanced-match-1.0.2.tgz"
    "version" "1.0.2"
  
  "blueimp-md5@2.18.0":
    "integrity" "sha512-vE52okJvzsVWhcgUHOv+69OG3Mdg151xyn41aVQN/5W5S+S43qZhxECtYLAEHMSFWX6Mv5IZrzj3T5+JqXfj5Q=="
    "resolved" "https://registry.npmjs.org/blueimp-md5/-/blueimp-md5-2.18.0.tgz"
    "version" "2.18.0"
  
  "brace-expansion@^1.1.7":
    "integrity" "sha512-iCuPHDFgrHX7H2vEI/5xpz07zSHB00TpugqhmYtVmMO6518mCuRMoOYFldEBl0g187ufozdaHgWKcYFb61qGiA=="
    "resolved" "https://registry.npmjs.org/brace-expansion/-/brace-expansion-1.1.11.tgz"
    "version" "1.1.11"
    dependencies:
      "balanced-match" "^1.0.0"
      "concat-map" "0.0.1"
  
  "braces@^3.0.1":
    "integrity" "sha512-b8um+L1RzM3WDSzvhm6gIz1yfTbBt6YTlcEKAvsmqCZZFw46z626lVj9j1yEPW33H5H+lBQpZMP1k8l+78Ha0A=="
    "resolved" "https://registry.npmjs.org/braces/-/braces-3.0.2.tgz"
    "version" "3.0.2"
    dependencies:
      "fill-range" "^7.0.1"
  
  "builtins@^1.0.3":
    "integrity" "sha1-y5T662HIaWRR2zZTThQi+U8K7og="
    "resolved" "https://registry.npmjs.org/builtins/-/builtins-1.0.3.tgz"
    "version" "1.0.3"
  
  "bytes@3.1.1":
    "integrity" "sha512-dWe4nWO/ruEOY7HkUJ5gFt1DCFV9zPRoJr8pV0/ASQermOZjtq8jMjOprC0Kd10GLN+l7xaUPvxzJFWtxGu8Fg=="
    "resolved" "https://registry.npmjs.org/bytes/-/bytes-3.1.1.tgz"
    "version" "3.1.1"
  
  "chalk@4.1.2":
    "integrity" "sha512-oKnbhFyRIXpUuez8iBMmyEa4nbj4IOQyuhc/wy9kY7/WVPcwIO9VA668Pu8RkO7+0G76SLROeyw9CpQ061i4mA=="
    "resolved" "https://registry.npmjs.org/chalk/-/chalk-4.1.2.tgz"
    "version" "4.1.2"
    dependencies:
      "ansi-styles" "^4.1.0"
      "supports-color" "^7.1.0"
  
  "cliui@^7.0.2", "cliui@7.0.4":
    "integrity" "sha512-OcRE68cOsVMXp1Yvonl/fzkQOyjLSu/8bhPDfQt0e0/Eb283TKP20Fs2MqoPsr9SwA595rRCA+QMzYc9nBP+JQ=="
    "resolved" "https://registry.npmjs.org/cliui/-/cliui-7.0.4.tgz"
    "version" "7.0.4"
    dependencies:
      "string-width" "^4.2.0"
      "strip-ansi" "^6.0.0"
      "wrap-ansi" "^7.0.0"
  
  "color-convert@^2.0.1":
    "integrity" "sha512-RRECPsj7iu/xb5oKYcsFHSppFNnsj/52OVTRKb4zP5onXwVF3zVmmToNcOfGC+CRDpfK/U584fMg38ZHCaElKQ=="
    "resolved" "https://registry.npmjs.org/color-convert/-/color-convert-2.0.1.tgz"
    "version" "2.0.1"
    dependencies:
      "color-name" "~1.1.4"
  
  "color-name@~1.1.4":
    "integrity" "sha512-dOy+3AuW3a2wNbZHIuMZpTcgjGuLU/uBL/ubcZF9OXbDo8ff4O8yVp5Bf0efS8uEoYo5q4Fx7dY9OgQGXgAsQA=="
    "resolved" "https://registry.npmjs.org/color-name/-/color-name-1.1.4.tgz"
    "version" "1.1.4"
  
  "commondir@^1.0.1":
    "integrity" "sha1-3dgA2gxmEnOTzKWVDqloo6rxJTs="
    "resolved" "https://registry.npmjs.org/commondir/-/commondir-1.0.1.tgz"
    "version" "1.0.1"
  
  "concat-map@0.0.1":
    "integrity" "sha1-2Klr13/Wjfd5OnMDajug1UBdR3s="
    "resolved" "https://registry.npmjs.org/concat-map/-/concat-map-0.0.1.tgz"
    "version" "0.0.1"
  
  "core-util-is@~1.0.0":
    "integrity" "sha512-ZQBvi1DcpJ4GDqanjucZ2Hj3wEO5pZDS89BWbkcrvdxksJorwUDDZamX9ldFkp9aw2lmBDLgkObEA4DWNJ9FYQ=="
    "resolved" "https://registry.npmjs.org/core-util-is/-/core-util-is-1.0.3.tgz"
    "version" "1.0.3"
  
  "data-uri-to-buffer@3":
    "integrity" "sha512-WboRycPNsVw3B3TL559F7kuBUM4d8CgMEvk6xEJlOp7OBPjt6G7z8WMWlD2rOFZLk6OYfFIUGsCOWzcQH9K2og=="
    "resolved" "https://registry.npmjs.org/data-uri-to-buffer/-/data-uri-to-buffer-3.0.1.tgz"
    "version" "3.0.1"
  
  "debug@4":
    "integrity" "sha512-mOp8wKcvj7XxC78zLgw/ZA+6TSgkoE2C/ienthhRD298T7UNwAg9diBpLRxC0mOezLl4B0xV7M0cCO6P/O0Xhw=="
    "resolved" "https://registry.npmjs.org/debug/-/debug-4.3.2.tgz"
    "version" "4.3.2"
    dependencies:
      "ms" "2.1.2"
  
  "deep-is@~0.1.3":
    "integrity" "sha512-oIPzksmTg4/MriiaYGO+okXDT7ztn/w3Eptv/+gSIdMdKsJo0u4CfYNFJPy+4SKMuCqGw2wxnA+URMg3t8a/bQ=="
    "resolved" "https://registry.npmjs.org/deep-is/-/deep-is-0.1.4.tgz"
    "version" "0.1.4"
  
  "degenerator@^3.0.1":
    "integrity" "sha512-LFsIFEeLPlKvAKXu7j3ssIG6RT0TbI7/GhsqrI0DnHASEQjXQ0LUSYcjJteGgRGmZbl1TnMSxpNQIAiJ7Du5TQ=="
    "resolved" "https://registry.npmjs.org/degenerator/-/degenerator-3.0.1.tgz"
    "version" "3.0.1"
    dependencies:
      "ast-types" "^0.13.2"
      "escodegen" "^1.8.1"
      "esprima" "^4.0.0"
      "vm2" "^3.9.3"
  
  "depd@~1.1.2":
    "integrity" "sha1-m81S4UwJd2PnSbJ0xDRu0uVgtak="
    "resolved" "https://registry.npmjs.org/depd/-/depd-1.1.2.tgz"
    "version" "1.1.2"
  
  "dependency-graph@~0.11.0", "dependency-graph@0.11.0":
    "integrity" "sha512-JeMq7fEshyepOWDfcfHK06N3MhyPhz++vtqWhMT5O9A3K42rdsEDpfdVqjaqaAhsw6a+ZqeDvQVtD0hFHQWrzg=="
    "resolved" "https://registry.npmjs.org/dependency-graph/-/dependency-graph-0.11.0.tgz"
    "version" "0.11.0"
  
  "emoji-regex@^8.0.0":
    "integrity" "sha512-MSjYzcWNOA0ewAHpz0MxpYFvwg6yjy1NG3xteoqz644VCo/RPgnr1/GGt+ic3iJTzQ8Eu3TdM14SawnVUmGE6A=="
    "resolved" "https://registry.npmjs.org/emoji-regex/-/emoji-regex-8.0.0.tgz"
    "version" "8.0.0"
  
  "eol@0.9.1":
    "integrity" "sha512-Ds/TEoZjwggRoz/Q2O7SE3i4Jm66mqTDfmdHdq/7DKVk3bro9Q8h6WdXKdPqFLMoqxrDK5SVRzHVPOS6uuGtrg=="
    "resolved" "https://registry.npmjs.org/eol/-/eol-0.9.1.tgz"
    "version" "0.9.1"
  
  "escalade@^3.1.1":
    "integrity" "sha512-k0er2gUkLf8O0zKJiAhmkTnJlTvINGv7ygDNPbeIsX/TJjGJZHuh9B2UxbsaEkmlEo9MfhrSzmhIlhRlI2GXnw=="
    "resolved" "https://registry.npmjs.org/escalade/-/escalade-3.1.1.tgz"
    "version" "3.1.1"
  
  "escodegen@^1.8.1":
    "integrity" "sha512-qFcX0XJkdg+PB3xjZZG/wKSuT1PnQWx57+TVSjIMmILd2yC/6ByYElPwJnslDsuWuSAp4AwJGumarAAmJch5Kw=="
    "resolved" "https://registry.npmjs.org/escodegen/-/escodegen-1.14.3.tgz"
    "version" "1.14.3"
    dependencies:
      "esprima" "^4.0.1"
      "estraverse" "^4.2.0"
      "esutils" "^2.0.2"
      "optionator" "^0.8.1"
    optionalDependencies:
      "source-map" "~0.6.1"
  
  "esprima@^4.0.0", "esprima@^4.0.1":
    "integrity" "sha512-eGuFFw7Upda+g4p+QHvnW0RyTX/SVeJBDM/gCtMARO0cLuT2HcEKnTPvhjV6aGeqrCB/sbNop0Kszm0jsaWU4A=="
    "resolved" "https://registry.npmjs.org/esprima/-/esprima-4.0.1.tgz"
    "version" "4.0.1"
  
  "estraverse@^4.2.0":
    "integrity" "sha512-39nnKffWz8xN1BU/2c79n9nB9HDzo0niYUqx6xyqUnyoAnQyyWpOTdZEeiCch8BBu515t4wp9ZmgVfVhn9EBpw=="
    "resolved" "https://registry.npmjs.org/estraverse/-/estraverse-4.3.0.tgz"
    "version" "4.3.0"
  
  "estree-walker@^1.0.1":
    "integrity" "sha512-1fMXF3YP4pZZVozF8j/ZLfvnR8NSIljt56UhbZ5PeeDmmGHpgpdwQt7ITlGvYaQukCvuBRMLEiKiYC+oeIg4cg=="
    "resolved" "https://registry.npmjs.org/estree-walker/-/estree-walker-1.0.1.tgz"
    "version" "1.0.1"
  
  "estree-walker@^2.0.1":
    "integrity" "sha512-Rfkk/Mp/DL7JVje3u18FxFujQlTNR2q6QfMSMB7AvCBx91NGj/ba3kCfza0f6dVDbw7YlRf/nDrn7pQrCCyQ/w=="
    "resolved" "https://registry.npmjs.org/estree-walker/-/estree-walker-2.0.2.tgz"
    "version" "2.0.2"
  
  "esutils@^2.0.2":
    "integrity" "sha512-kVscqXk4OCp68SZ0dkgEKVi6/8ij300KBWTJq32P/dYeWTSwK41WyTxalN1eRmA5Z9UU/LX9D7FWSmV9SAYx6g=="
    "resolved" "https://registry.npmjs.org/esutils/-/esutils-2.0.3.tgz"
    "version" "2.0.3"
  
  "event-target-shim@^5.0.0":
    "integrity" "sha512-i/2XbnSz/uxRCU6+NdVJgKWDTM427+MqYbkQzD321DuCQJUqOuJKIA0IM2+W2xtYHdKOmZ4dR6fExsd4SXL+WQ=="
    "resolved" "https://registry.npmjs.org/event-target-shim/-/event-target-shim-5.0.1.tgz"
    "version" "5.0.1"
  
  "fast-deep-equal@^3.1.1":
    "integrity" "sha512-f3qQ9oQy9j2AhBe/H9VC91wLmKBCCU/gDOnKNAYG5hswO7BLKj09Hc5HYNz9cGI++xlpDCIgDaitVs03ATR84Q=="
    "resolved" "https://registry.npmjs.org/fast-deep-equal/-/fast-deep-equal-3.1.3.tgz"
    "version" "3.1.3"
  
  "fast-glob@3.2.7":
    "integrity" "sha512-rYGMRwip6lUMvYD3BTScMwT1HtAs2d71SMv66Vrxs0IekGZEjhM0pcMfjQPnknBt2zeCwQMEupiN02ZP4DiT1Q=="
    "resolved" "https://registry.npmjs.org/fast-glob/-/fast-glob-3.2.7.tgz"
    "version" "3.2.7"
    dependencies:
      "@nodelib/fs.stat" "^2.0.2"
      "@nodelib/fs.walk" "^1.2.3"
      "glob-parent" "^5.1.2"
      "merge2" "^1.3.0"
      "micromatch" "^4.0.4"
  
  "fast-levenshtein@~2.0.6":
    "integrity" "sha1-PYpcZog6FqMMqGQ+hR8Zuqd5eRc="
    "resolved" "https://registry.npmjs.org/fast-levenshtein/-/fast-levenshtein-2.0.6.tgz"
    "version" "2.0.6"
  
  "fast-memoize@^2.5.2":
    "integrity" "sha512-Ue0LwpDYErFbmNnZSF0UH6eImUwDmogUO1jyE+JbN2gsQz/jICm1Ve7t9QT0rNSsfJt+Hs4/S3GnsDVjL4HVrw=="
    "resolved" "https://registry.npmjs.org/fast-memoize/-/fast-memoize-2.5.2.tgz"
    "version" "2.5.2"
  
  "fastq@^1.6.0":
    "integrity" "sha512-YpkpUnK8od0o1hmeSc7UUs/eB/vIPWJYjKck2QKIzAf71Vm1AAQ3EbuZB3g2JIy+pg+ERD0vqI79KyZiB2e2Nw=="
    "resolved" "https://registry.npmjs.org/fastq/-/fastq-1.13.0.tgz"
    "version" "1.13.0"
    dependencies:
      "reusify" "^1.0.4"
  
  "file-uri-to-path@2":
    "integrity" "sha512-hjPFI8oE/2iQPVe4gbrJ73Pp+Xfub2+WI2LlXDbsaJBwT5wuMh35WNWVYYTpnz895shtwfyutMFLFywpQAFdLg=="
    "resolved" "https://registry.npmjs.org/file-uri-to-path/-/file-uri-to-path-2.0.0.tgz"
    "version" "2.0.0"
  
  "fill-range@^7.0.1":
    "integrity" "sha512-qOo9F+dMUmC2Lcb4BbVvnKJxTPjCm+RRpe4gDuGrzkL7mEVl/djYSu2OdQ2Pa302N4oqkSg9ir6jaLWJ2USVpQ=="
    "resolved" "https://registry.npmjs.org/fill-range/-/fill-range-7.0.1.tgz"
    "version" "7.0.1"
    dependencies:
      "to-regex-range" "^5.0.1"
  
  "fs-extra@^8.1.0":
    "integrity" "sha512-yhlQgA6mnOJUKOsRUFsgJdQCvkKhcz8tlZG5HBQfReYZy46OwLcY+Zia0mtdHsOo9y/hP+CxMN0TU9QxoOtG4g=="
    "resolved" "https://registry.npmjs.org/fs-extra/-/fs-extra-8.1.0.tgz"
    "version" "8.1.0"
    dependencies:
      "graceful-fs" "^4.2.0"
      "jsonfile" "^4.0.0"
      "universalify" "^0.1.0"
  
  "fs.realpath@^1.0.0":
    "integrity" "sha1-FQStJSMVjKpA20onh8sBQRmU6k8="
    "resolved" "https://registry.npmjs.org/fs.realpath/-/fs.realpath-1.0.0.tgz"
    "version" "1.0.0"
  
  "fsevents@~2.3.2":
    "integrity" "sha512-xiqMQR4xAeHTuB9uWm+fFRcIOgKBMiOBP+eXiyT7jsgVCq1bkVygt00oASowB7EdtpOHaaPgKt812P9ab+DDKA=="
    "resolved" "https://registry.npmjs.org/fsevents/-/fsevents-2.3.2.tgz"
    "version" "2.3.2"
  
  "ftp@^0.3.10":
    "integrity" "sha1-kZfYYa2BQvPmPVqDv+TFn3MwiF0="
    "resolved" "https://registry.npmjs.org/ftp/-/ftp-0.3.10.tgz"
    "version" "0.3.10"
    dependencies:
      "readable-stream" "1.1.x"
      "xregexp" "2.0.0"
  
  "function-bind@^1.1.1":
    "integrity" "sha512-yIovAzMX49sF8Yl58fSCWJ5svSLuaibPxXQJFLmBObTuCr0Mf1KiPopGM9NiFjiYBCbfaa2Fh6breQ6ANVTI0A=="
    "resolved" "https://registry.npmjs.org/function-bind/-/function-bind-1.1.1.tgz"
    "version" "1.1.1"
  
  "get-caller-file@^2.0.5":
    "integrity" "sha512-DyFP3BM/3YHTQOCUL/w0OZHR0lpKeGrxotcHWcqNEdnltqFwXVfhEBQ94eIo34AfQpo0rGki4cyIiftY06h2Fg=="
    "resolved" "https://registry.npmjs.org/get-caller-file/-/get-caller-file-2.0.5.tgz"
    "version" "2.0.5"
  
  "get-uri@3":
    "integrity" "sha512-+5s0SJbGoyiJTZZ2JTpFPLMPSch72KEqGOTvQsBqg0RBWvwhWUSYZFAtz3TPW0GXJuLBJPts1E241iHg+VRfhg=="
    "resolved" "https://registry.npmjs.org/get-uri/-/get-uri-3.0.2.tgz"
    "version" "3.0.2"
    dependencies:
      "@tootallnate/once" "1"
      "data-uri-to-buffer" "3"
      "debug" "4"
      "file-uri-to-path" "2"
      "fs-extra" "^8.1.0"
      "ftp" "^0.3.10"
  
  "glob-parent@^5.1.2":
    "integrity" "sha512-AOIgSQCepiJYwP3ARnGx+5VnTu2HBYdzbGP45eLw1vr3zB3vZLeyed1sC9hnbcOc9/SrMyM5RPQrkGz4aS9Zow=="
    "resolved" "https://registry.npmjs.org/glob-parent/-/glob-parent-5.1.2.tgz"
    "version" "5.1.2"
    dependencies:
      "is-glob" "^4.0.1"
  
  "glob@^7.1.6":
    "integrity" "sha512-lmLf6gtyrPq8tTjSmrO94wBeQbFR3HbLHbuyD69wuyQkImp2hWqMGB47OX65FBkPffO641IP9jWa1z4ivqG26Q=="
    "resolved" "https://registry.npmjs.org/glob/-/glob-7.2.0.tgz"
    "version" "7.2.0"
    dependencies:
      "fs.realpath" "^1.0.0"
      "inflight" "^1.0.4"
      "inherits" "2"
      "minimatch" "^3.0.4"
      "once" "^1.3.0"
      "path-is-absolute" "^1.0.0"
  
  "graceful-fs@^4.1.6", "graceful-fs@^4.2.0":
    "integrity" "sha512-qkIilPUYcNhJpd33n0GBXTB1MMPp14TxEsEs0pTrsSVucApsYzW5V+Q8Qxhik6KU3evy+qkAAowTByymK0avdg=="
    "resolved" "https://registry.npmjs.org/graceful-fs/-/graceful-fs-4.2.8.tgz"
    "version" "4.2.8"
  
  "has-flag@^4.0.0":
    "integrity" "sha512-EykJT/Q1KjTWctppgIAgfSO0tKVuZUjhgMr17kqTumMl6Afv3EISleU7qZUzoXDFTAHTDC4NOoG/ZxU3EvlMPQ=="
    "resolved" "https://registry.npmjs.org/has-flag/-/has-flag-4.0.0.tgz"
    "version" "4.0.0"
  
  "has@^1.0.3":
    "integrity" "sha512-f2dvO0VU6Oej7RkWJGrehjbzMAjFp5/VKPp5tTpWIV4JHHZK1/BxbFRtf/siA2SWTe09caDmVtYYzWEIbBS4zw=="
    "resolved" "https://registry.npmjs.org/has/-/has-1.0.3.tgz"
    "version" "1.0.3"
    dependencies:
      "function-bind" "^1.1.1"
  
  "http-errors@1.8.1":
    "integrity" "sha512-Kpk9Sm7NmI+RHhnj6OIWDI1d6fIoFAtFt9RLaTMRlg/8w49juAStsrBgp0Dp4OdxdVbRIeKhtCUvoi/RuAhO4g=="
    "resolved" "https://registry.npmjs.org/http-errors/-/http-errors-1.8.1.tgz"
    "version" "1.8.1"
    dependencies:
      "depd" "~1.1.2"
      "inherits" "2.0.4"
      "setprototypeof" "1.2.0"
      "statuses" ">= 1.5.0 < 2"
      "toidentifier" "1.0.1"
  
  "http-proxy-agent@^4.0.0", "http-proxy-agent@^4.0.1":
    "integrity" "sha512-k0zdNgqWTGA6aeIRVpvfVob4fL52dTfaehylg0Y4UvSySvOq/Y+BOyPrgpUrA7HylqvU8vIZGsRuXmspskV0Tg=="
    "resolved" "https://registry.npmjs.org/http-proxy-agent/-/http-proxy-agent-4.0.1.tgz"
    "version" "4.0.1"
    dependencies:
      "@tootallnate/once" "1"
      "agent-base" "6"
      "debug" "4"
  
  "https-proxy-agent@^5.0.0", "https-proxy-agent@5":
    "integrity" "sha512-EkYm5BcKUGiduxzSt3Eppko+PiNWNEpa4ySk9vTC6wDsQJW9rHSa+UhGNJoRYp7bz6Ht1eaRIa6QaJqO5rCFbA=="
    "resolved" "https://registry.npmjs.org/https-proxy-agent/-/https-proxy-agent-5.0.0.tgz"
    "version" "5.0.0"
    dependencies:
      "agent-base" "6"
      "debug" "4"
  
  "iconv-lite@0.4.24":
    "integrity" "sha512-v3MXnZAcvnywkTUEZomIActle7RXXeedOR31wwl7VlyoXO4Qi9arvSenNQWne1TcRwhCL1HwLI21bEqdpj8/rA=="
    "resolved" "https://registry.npmjs.org/iconv-lite/-/iconv-lite-0.4.24.tgz"
    "version" "0.4.24"
    dependencies:
      "safer-buffer" ">= 2.1.2 < 3"
  
  "immer@^9.0.6":
    "integrity" "sha512-KGllzpbamZDvOIxnmJ0jI840g7Oikx58lBPWV0hUh7dtAyZpFqqrBZdKka5GlTwMTZ1Tjc/bKKW4VSFAt6BqMA=="
    "resolved" "https://registry.npmjs.org/immer/-/immer-9.0.7.tgz"
    "version" "9.0.7"
  
  "inflight@^1.0.4":
    "integrity" "sha1-Sb1jMdfQLQwJvJEKEHW6gWW1bfk="
    "resolved" "https://registry.npmjs.org/inflight/-/inflight-1.0.6.tgz"
    "version" "1.0.6"
    dependencies:
      "once" "^1.3.0"
      "wrappy" "1"
  
  "inherits@~2.0.1", "inherits@2", "inherits@2.0.4":
    "integrity" "sha512-k/vGaX4/Yla3WzyMCvTQOXYeIHvqOKtnqBduzTHpzpQZzAskKMhZ2K+EnBiSM9zGSoIFeMpXKxa4dYeZIQqewQ=="
    "resolved" "https://registry.npmjs.org/inherits/-/inherits-2.0.4.tgz"
    "version" "2.0.4"
  
  "ip@^1.1.5":
    "integrity" "sha1-vd7XARQpCCjAoDnnLvJfWq7ENUo="
    "resolved" "https://registry.npmjs.org/ip/-/ip-1.1.5.tgz"
    "version" "1.1.5"
  
  "is-core-module@^2.2.0":
    "integrity" "sha512-vd15qHsaqrRL7dtH6QNuy0ndJmRDrS9HAM1CAiSifNUFv4x1a0CCVsj18hJ1mShxIG6T2i1sO78MkP56r0nYRw=="
    "resolved" "https://registry.npmjs.org/is-core-module/-/is-core-module-2.8.0.tgz"
    "version" "2.8.0"
    dependencies:
      "has" "^1.0.3"
  
  "is-extglob@^2.1.1":
    "integrity" "sha1-qIwCU1eR8C7TfHahueqXc8gz+MI="
    "resolved" "https://registry.npmjs.org/is-extglob/-/is-extglob-2.1.1.tgz"
    "version" "2.1.1"
  
  "is-fullwidth-code-point@^3.0.0":
    "integrity" "sha512-zymm5+u+sCsSWyD9qNaejV3DFvhCKclKdizYaJUuHA83RLjb7nSuGnddCHGv0hk+KY7BMAlsWeK4Ueg6EV6XQg=="
    "resolved" "https://registry.npmjs.org/is-fullwidth-code-point/-/is-fullwidth-code-point-3.0.0.tgz"
    "version" "3.0.0"
  
  "is-glob@^4.0.1":
    "integrity" "sha512-xelSayHH36ZgE7ZWhli7pW34hNbNl8Ojv5KVmkJD4hBdD3th8Tfk9vYasLM+mXWOZhFkgZfxhLSnrwRr4elSSg=="
    "resolved" "https://registry.npmjs.org/is-glob/-/is-glob-4.0.3.tgz"
    "version" "4.0.3"
    dependencies:
      "is-extglob" "^2.1.1"
  
  "is-number@^7.0.0":
    "integrity" "sha512-41Cifkg6e8TylSpdtTpeLVMqvSBEVzTttHvERD741+pnZ8ANv0004MRL43QKPDlK9cGvNp6NZWZUBlbGXYxxng=="
    "resolved" "https://registry.npmjs.org/is-number/-/is-number-7.0.0.tgz"
    "version" "7.0.0"
  
  "is-reference@^1.2.1":
    "integrity" "sha512-U82MsXXiFIrjCK4otLT+o2NA2Cd2g5MLoOVXUZjIOhLurrRxpEXzI8O0KZHr3IjLvlAH1kTPYSuqer5T9ZVBKQ=="
    "resolved" "https://registry.npmjs.org/is-reference/-/is-reference-1.2.1.tgz"
    "version" "1.2.1"
    dependencies:
      "@types/estree" "*"
  
  "isarray@0.0.1":
    "integrity" "sha1-ihis/Kmo9Bd+Cav8YDiTmwXR7t8="
    "resolved" "https://registry.npmjs.org/isarray/-/isarray-0.0.1.tgz"
    "version" "0.0.1"
  
  "jsep@^0.4.0||^1.0.0", "jsep@^1.1.2":
    "integrity" "sha512-ex4YB352GD74qLjjAtjYm33LcHDBAwhY01BgZbXU56eLWOM1JvKYX4lz4PYkqw0OVfAQYl7CRt0JBRuAUt7mqA=="
    "resolved" "https://registry.npmjs.org/jsep/-/jsep-1.2.0.tgz"
    "version" "1.2.0"
  
  "json-schema-traverse@^1.0.0":
    "integrity" "sha512-NM8/P9n3XjXhIZn1lLhkFaACTOURQXjWhV4BA/RnOv8xvgqtqpAX9IO4mRQxSx1Rlo4tqzeqb0sOlruaOy3dug=="
    "resolved" "https://registry.npmjs.org/json-schema-traverse/-/json-schema-traverse-1.0.0.tgz"
    "version" "1.0.0"
  
  "json-schema@0.3.0":
    "integrity" "sha512-TYfxx36xfl52Rf1LU9HyWSLGPdYLL+SQ8/E/0yVyKG8wCCDaSrhPap0vEdlsZWRaS6tnKKLPGiEJGiREVC8kxQ=="
    "resolved" "https://registry.npmjs.org/json-schema/-/json-schema-0.3.0.tgz"
    "version" "0.3.0"
  
  "jsonc-parser@~2.2.1":
    "integrity" "sha512-o6/yDBYccGvTz1+QFevz6l6OBZ2+fMVu2JZ9CIhzsYRX4mjaK5IyX9eldUdCmga16zlgQxyrj5pt9kzuj2C02w=="
    "resolved" "https://registry.npmjs.org/jsonc-parser/-/jsonc-parser-2.2.1.tgz"
    "version" "2.2.1"
  
  "jsonfile@^4.0.0":
    "integrity" "sha1-h3Gq4HmbZAdrdmQPygWPnBDjPss="
    "resolved" "https://registry.npmjs.org/jsonfile/-/jsonfile-4.0.0.tgz"
    "version" "4.0.0"
    optionalDependencies:
      "graceful-fs" "^4.1.6"
  
  "jsonpath-plus@^6.0.1", "jsonpath-plus@6.0.1":
    "integrity" "sha512-EvGovdvau6FyLexFH2OeXfIITlgIbgZoAZe3usiySeaIDm5QS+A10DKNpaPBBqqRSZr2HN6HVNXxtwUAr2apEw=="
    "resolved" "https://registry.npmjs.org/jsonpath-plus/-/jsonpath-plus-6.0.1.tgz"
    "version" "6.0.1"
  
  "jsonpointer@^4.0.1":
    "integrity" "sha512-CXcRvMyTlnR53xMcKnuMzfCA5i/nfblTnnr74CZb6C4vG39eu6w51t7nKmU5MfLfbTgGItliNyjO/ciNPDqClg=="
    "resolved" "https://registry.npmjs.org/jsonpointer/-/jsonpointer-4.1.0.tgz"
    "version" "4.1.0"
  
  "leven@^3.1.0":
    "integrity" "sha512-qsda+H8jTaUaN/x5vzW2rzc+8Rw4TAQ/4KjB46IwK5VH+IlVeeeje/EoZRpiXvIqjFgK84QffqPztGI3VBLG1A=="
    "resolved" "https://registry.npmjs.org/leven/-/leven-3.1.0.tgz"
    "version" "3.1.0"
  
  "levn@~0.3.0":
    "integrity" "sha1-OwmSTt+fCDwEkP3UwLxEIeBHZO4="
    "resolved" "https://registry.npmjs.org/levn/-/levn-0.3.0.tgz"
    "version" "0.3.0"
    dependencies:
      "prelude-ls" "~1.1.2"
      "type-check" "~0.3.2"
  
  "lodash.get@^4.4.2":
    "integrity" "sha1-LRd/ZS+jHpObRDjVNBSZ36OCXpk="
    "resolved" "https://registry.npmjs.org/lodash.get/-/lodash.get-4.4.2.tgz"
    "version" "4.4.2"
  
  "lodash.set@^4.3.2":
    "integrity" "sha1-2HV7HagH3eJIFrDWqEvqGnYjCyM="
    "resolved" "https://registry.npmjs.org/lodash.set/-/lodash.set-4.3.2.tgz"
    "version" "4.3.2"
  
  "lodash.topath@^4.5.2":
    "integrity" "sha1-NhY1Hzu6YZlKCTGYlmC9AyVP0Ak="
    "resolved" "https://registry.npmjs.org/lodash.topath/-/lodash.topath-4.5.2.tgz"
    "version" "4.5.2"
  
  "lodash@^4.17.15", "lodash@^4.17.21", "lodash@~4.17.21":
    "integrity" "sha512-v2kDEe57lecTulaDIuNTPy3Ry4gLGJ6Z1O3vE1krgXZNrsQ+LFTGHVxVjcXPs17LhbZVGedAJv8XZ1tvj5FvSg=="
    "resolved" "https://registry.npmjs.org/lodash/-/lodash-4.17.21.tgz"
    "version" "4.17.21"
  
  "lru-cache@^5.1.1":
    "integrity" "sha512-KpNARQA3Iwv+jTA0utUVVbrh+Jlrr1Fv0e56GGzAFOXN7dk/FviaDW8LHmK52DlcH4WP2n6gI8vN1aesBFgo9w=="
    "resolved" "https://registry.npmjs.org/lru-cache/-/lru-cache-5.1.1.tgz"
    "version" "5.1.1"
    dependencies:
      "yallist" "^3.0.2"
  
  "magic-string@^0.25.7":
    "integrity" "sha512-4CrMT5DOHTDk4HYDlzmwu4FVCcIYI8gauveasrdCu2IKIFOJ3f0v/8MDGJCDL9oD2ppz/Av1b0Nj345H9M+XIA=="
    "resolved" "https://registry.npmjs.org/magic-string/-/magic-string-0.25.7.tgz"
    "version" "0.25.7"
    dependencies:
      "sourcemap-codec" "^1.4.4"
  
  "merge2@^1.3.0":
    "integrity" "sha512-8q7VEgMJW4J8tcfVPy8g09NcQwZdbwFEqhe/WZkoIzjn/3TGDwtOCYtXGxA3O8tPzpczCCDgv+P2P5y00ZJOOg=="
    "resolved" "https://registry.npmjs.org/merge2/-/merge2-1.4.1.tgz"
    "version" "1.4.1"
  
  "micromatch@^4.0.4":
    "integrity" "sha512-pRmzw/XUcwXGpD9aI9q/0XOwLNygjETJ8y0ao0wdqprrzDa4YnxLcz7fQRZr8voh8V10kGhABbNcHVk5wHgWwg=="
    "resolved" "https://registry.npmjs.org/micromatch/-/micromatch-4.0.4.tgz"
    "version" "4.0.4"
    dependencies:
      "braces" "^3.0.1"
      "picomatch" "^2.2.3"
  
  "minimatch@^3.0.4", "minimatch@3.0.4":
    "integrity" "sha512-yJHVQEhyqPLUTgt9B83PXu6W3rx4MvvHvSUvToogpwoGDOUQ+yDrR0HRot+yOCdCO7u4hX3pWft6kWBBcqh0UA=="
    "resolved" "https://registry.npmjs.org/minimatch/-/minimatch-3.0.4.tgz"
    "version" "3.0.4"
    dependencies:
      "brace-expansion" "^1.1.7"
  
  "ms@2.1.2":
    "integrity" "sha512-sGkPx+VjMtmA6MX27oA4FBFELFCZZ4S4XqeGOXCv68tT+jb3vk/RyaKWP0PTKyWtmLSM0b+adUTEvbs1PEaH2w=="
    "resolved" "https://registry.npmjs.org/ms/-/ms-2.1.2.tgz"
    "version" "2.1.2"
  
  "netmask@^2.0.1":
    "integrity" "sha512-dBpDMdxv9Irdq66304OLfEmQ9tbNRFnFTuZiLo+bD+r332bBmMJ8GBLXklIXXgxd3+v9+KUnZaUR5PJMa75Gsg=="
    "resolved" "https://registry.npmjs.org/netmask/-/netmask-2.0.2.tgz"
    "version" "2.0.2"
  
  "nimma@0.1.6":
    "integrity" "sha512-e5sD2lr975iRQg08pr0p0lx7ISYojJSQFMSn6hI6W6ylmM+TLKLwM3l0lVsBAIUNOmOPCAlQzn70gFcJaWy3mg=="
    "resolved" "https://registry.npmjs.org/nimma/-/nimma-0.1.6.tgz"
    "version" "0.1.6"
    dependencies:
      "@jsep-plugin/regex" "^1.0.1"
      "@jsep-plugin/ternary" "^1.0.2"
      "astring" "^1.7.5"
      "jsep" "^1.1.2"
    optionalDependencies:
      "jsonpath-plus" "^6.0.1"
      "lodash.topath" "^4.5.2"
  
  "node-fetch@^2.6.0", "node-fetch@^2.6.1":
    "integrity" "sha512-Z8/6vRlTUChSdIgMa51jxQ4lrw/Jy5SOW10ObaA47/RElsAN2c5Pn8bTgFGWn/ibwzXTE8qwr1Yzx28vsecXEA=="
    "resolved" "https://registry.npmjs.org/node-fetch/-/node-fetch-2.6.6.tgz"
    "version" "2.6.6"
    dependencies:
      "whatwg-url" "^5.0.0"
  
  "once@^1.3.0":
    "integrity" "sha1-WDsap3WWHUsROsF9nFC6753Xa9E="
    "resolved" "https://registry.npmjs.org/once/-/once-1.4.0.tgz"
    "version" "1.4.0"
    dependencies:
      "wrappy" "1"
  
  "optionator@^0.8.1":
    "integrity" "sha512-+IW9pACdk3XWmmTXG8m3upGUJst5XRGzxMRjXzAuJ1XnIFNvfhjjIuYkDvysnPQ7qzqVzLt78BCruntqRhWQbA=="
    "resolved" "https://registry.npmjs.org/optionator/-/optionator-0.8.3.tgz"
    "version" "0.8.3"
    dependencies:
      "deep-is" "~0.1.3"
      "fast-levenshtein" "~2.0.6"
      "levn" "~0.3.0"
      "prelude-ls" "~1.1.2"
      "type-check" "~0.3.2"
      "word-wrap" "~1.2.3"
  
  "pac-proxy-agent@^5.0.0":
    "integrity" "sha512-CcFG3ZtnxO8McDigozwE3AqAw15zDvGH+OjXO4kzf7IkEKkQ4gxQ+3sdF50WmhQ4P/bVusXcqNE2S3XrNURwzQ=="
    "resolved" "https://registry.npmjs.org/pac-proxy-agent/-/pac-proxy-agent-5.0.0.tgz"
    "version" "5.0.0"
    dependencies:
      "@tootallnate/once" "1"
      "agent-base" "6"
      "debug" "4"
      "get-uri" "3"
      "http-proxy-agent" "^4.0.1"
      "https-proxy-agent" "5"
      "pac-resolver" "^5.0.0"
      "raw-body" "^2.2.0"
      "socks-proxy-agent" "5"
  
  "pac-resolver@^5.0.0":
    "integrity" "sha512-H+/A6KitiHNNW+bxBKREk2MCGSxljfqRX76NjummWEYIat7ldVXRU3dhRIE3iXZ0nvGBk6smv3nntxKkzRL8NA=="
    "resolved" "https://registry.npmjs.org/pac-resolver/-/pac-resolver-5.0.0.tgz"
    "version" "5.0.0"
    dependencies:
      "degenerator" "^3.0.1"
      "ip" "^1.1.5"
      "netmask" "^2.0.1"
  
  "path-is-absolute@^1.0.0":
    "integrity" "sha1-F0uSaHNVNP+8es5r9TpanhtcX18="
    "resolved" "https://registry.npmjs.org/path-is-absolute/-/path-is-absolute-1.0.1.tgz"
    "version" "1.0.1"
  
  "path-parse@^1.0.6":
    "integrity" "sha512-LDJzPVEEEPR+y48z93A0Ed0yXb8pAByGWo/k5YYdYgpY2/2EsOsksJrq7lOHxryrVOn1ejG6oAp8ahvOIQD8sw=="
    "resolved" "https://registry.npmjs.org/path-parse/-/path-parse-1.0.7.tgz"
    "version" "1.0.7"
  
  "picomatch@^2.2.2", "picomatch@^2.2.3":
    "integrity" "sha512-lY1Q/PiJGC2zOv/z391WOTD+Z02bCgsFfvxoXXf6h7kv9o+WmsmzYqrAwY63sNgOxE4xEdq0WyUnXfKeBrSvYw=="
    "resolved" "https://registry.npmjs.org/picomatch/-/picomatch-2.3.0.tgz"
    "version" "2.3.0"
  
  "pony-cause@^1.0.0":
    "integrity" "sha512-PxkIc/2ZpLiEzQXu5YRDOUgBlfGYBY8156HY5ZcRAwwonMk5W/MrJP2LLkG/hF7GEQzaHo2aS7ho6ZLCOvf+6g=="
    "resolved" "https://registry.npmjs.org/pony-cause/-/pony-cause-1.1.1.tgz"
    "version" "1.1.1"
  
  "prelude-ls@~1.1.2":
    "integrity" "sha1-IZMqVJ9eUv/ZqCf1cOBL5iqX2lQ="
    "resolved" "https://registry.npmjs.org/prelude-ls/-/prelude-ls-1.1.2.tgz"
    "version" "1.1.2"
  
  "proxy-agent@5.0.0":
    "integrity" "sha512-gkH7BkvLVkSfX9Dk27W6TyNOWWZWRilRfk1XxGNWOYJ2TuedAv1yFpCaU9QSBmBe716XOTNpYNOzhysyw8xn7g=="
    "resolved" "https://registry.npmjs.org/proxy-agent/-/proxy-agent-5.0.0.tgz"
    "version" "5.0.0"
    dependencies:
      "agent-base" "^6.0.0"
      "debug" "4"
      "http-proxy-agent" "^4.0.0"
      "https-proxy-agent" "^5.0.0"
      "lru-cache" "^5.1.1"
      "pac-proxy-agent" "^5.0.0"
      "proxy-from-env" "^1.0.0"
      "socks-proxy-agent" "^5.0.0"
  
  "proxy-from-env@^1.0.0":
    "integrity" "sha512-D+zkORCbA9f1tdWRK0RaCR3GPv50cMxcrz4X8k5LTSUD1Dkw47mKJEZQNunItRTkWwgtaUSo1RVFRIG9ZXiFYg=="
    "resolved" "https://registry.npmjs.org/proxy-from-env/-/proxy-from-env-1.1.0.tgz"
    "version" "1.1.0"
  
  "punycode@^2.1.0":
    "integrity" "sha512-XRsRjdf+j5ml+y/6GKHPZbrF/8p2Yga0JPtdqTIY2Xe5ohJPD9saDJJLPvp9+NSBprVvevdXZybnj2cv8OEd0A=="
    "resolved" "https://registry.npmjs.org/punycode/-/punycode-2.1.1.tgz"
    "version" "2.1.1"
  
  "queue-microtask@^1.2.2":
    "integrity" "sha512-NuaNSa6flKT5JaSYQzJok04JzTL1CA6aGhv5rfLW3PgqA+M2ChpZQnAC8h8i4ZFkBS8X5RqkDBHA7r4hej3K9A=="
    "resolved" "https://registry.npmjs.org/queue-microtask/-/queue-microtask-1.2.3.tgz"
    "version" "1.2.3"
  
  "raw-body@^2.2.0":
    "integrity" "sha512-RPMAFUJP19WIet/99ngh6Iv8fzAbqum4Li7AD6DtGaW2RpMB/11xDoalPiJMTbu6I3hkbMVkATvZrqb9EEqeeQ=="
    "resolved" "https://registry.npmjs.org/raw-body/-/raw-body-2.4.2.tgz"
    "version" "2.4.2"
    dependencies:
      "bytes" "3.1.1"
      "http-errors" "1.8.1"
      "iconv-lite" "0.4.24"
      "unpipe" "1.0.0"
  
  "readable-stream@1.1.x":
    "integrity" "sha1-fPTFTvZI44EwhMY23SB54WbAgdk="
    "resolved" "https://registry.npmjs.org/readable-stream/-/readable-stream-1.1.14.tgz"
    "version" "1.1.14"
    dependencies:
      "core-util-is" "~1.0.0"
      "inherits" "~2.0.1"
      "isarray" "0.0.1"
      "string_decoder" "~0.10.x"
  
  "require-directory@^2.1.1":
    "integrity" "sha1-jGStX9MNqxyXbiNE/+f3kqam30I="
    "resolved" "https://registry.npmjs.org/require-directory/-/require-directory-2.1.1.tgz"
    "version" "2.1.1"
  
  "require-from-string@^2.0.2":
    "integrity" "sha512-Xf0nWe6RseziFMu+Ap9biiUbmplq6S9/p+7w7YXP/JBHhrUDDUhwa+vANyubuqfZWTveU//DYVGsDG7RKL/vEw=="
    "resolved" "https://registry.npmjs.org/require-from-string/-/require-from-string-2.0.2.tgz"
    "version" "2.0.2"
  
  "reserved@0.1.2":
    "integrity" "sha1-cHsSRqMmn3Vdp8/Pmvb0mDvvEFw="
    "resolved" "https://registry.npmjs.org/reserved/-/reserved-0.1.2.tgz"
    "version" "0.1.2"
  
  "resolve@^1.17.0":
    "integrity" "sha512-wENBPt4ySzg4ybFQW2TT1zMQucPK95HSh/nq2CFTZVOGut2+pQvSsgtda4d26YrYcr067wjbmzOG8byDPBX63A=="
    "resolved" "https://registry.npmjs.org/resolve/-/resolve-1.20.0.tgz"
    "version" "1.20.0"
    dependencies:
      "is-core-module" "^2.2.0"
      "path-parse" "^1.0.6"
  
  "reusify@^1.0.4":
    "integrity" "sha512-U9nH88a3fc/ekCF1l0/UP1IosiuIjyTh7hBvXVMHYgVcfGvt897Xguj2UOLDeI5BG2m7/uwyaLVT6fbtCwTyzw=="
    "resolved" "https://registry.npmjs.org/reusify/-/reusify-1.0.4.tgz"
    "version" "1.0.4"
  
  "rollup@^1.20.0||^2.0.0", "rollup@^2.38.3":
    "integrity" "sha512-akwfnpjY0rXEDSn1UTVfKXJhPsEBu+imi1gqBA1ZkHGydUnkV/fWCC90P7rDaLEW8KTwBcS1G3N4893Ndz+jwg=="
    "resolved" "https://registry.npmjs.org/rollup/-/rollup-2.60.1.tgz"
    "version" "2.60.1"
    optionalDependencies:
      "fsevents" "~2.3.2"
  
  "rollup@~2.56.3":
    "integrity" "sha512-Au92NuznFklgQCUcV96iXlxUbHuB1vQMaH76DHl5M11TotjOHwqk9CwcrT78+Tnv4FN9uTBxq6p4EJoYkpyekg=="
    "resolved" "https://registry.npmjs.org/rollup/-/rollup-2.56.3.tgz"
    "version" "2.56.3"
    optionalDependencies:
      "fsevents" "~2.3.2"
  
  "run-parallel@^1.1.9":
    "integrity" "sha512-5l4VyZR86LZ/lDxZTR6jqL8AFE2S0IFLMP26AbjsLVADxHdhB/c0GUsH+y39UfCi3dzz8OlQuPmnaJOMoDHQBA=="
    "resolved" "https://registry.npmjs.org/run-parallel/-/run-parallel-1.2.0.tgz"
    "version" "1.2.0"
    dependencies:
      "queue-microtask" "^1.2.2"
  
  "safe-stable-stringify@^1.1":
    "integrity" "sha512-ERq4hUjKDbJfE4+XtZLFPCDi8Vb1JqaxAPTxWFLBx8XcAlf9Bda/ZJdVezs/NAfsMQScyIlUMx+Yeu7P7rx5jw=="
    "resolved" "https://registry.npmjs.org/safe-stable-stringify/-/safe-stable-stringify-1.1.1.tgz"
    "version" "1.1.1"
  
  "safer-buffer@>= 2.1.2 < 3":
    "integrity" "sha512-YZo3K82SD7Riyi0E1EQPojLz7kpepnSQI9IyPbHHg1XXXevb5dJI7tpyN2ADxGcQbHG7vcyRHk0cbwqcQriUtg=="
    "resolved" "https://registry.npmjs.org/safer-buffer/-/safer-buffer-2.1.2.tgz"
    "version" "2.1.2"
  
  "setprototypeof@1.2.0":
    "integrity" "sha512-E5LDX7Wrp85Kil5bhZv46j8jOeboKq5JMmYM3gVGdGH8xFpPWXUMsNrlODCrkoxMEeNi/XZIwuRvY4XNwYMJpw=="
    "resolved" "https://registry.npmjs.org/setprototypeof/-/setprototypeof-1.2.0.tgz"
    "version" "1.2.0"
  
  "simple-eval@1.0.0":
    "integrity" "sha512-kpKJR+bqTscgC0xuAl2xHN6bB12lHjC2DCUfqjAx19bQyO3R2EVLOurm3H9AUltv/uFVcSCVNc6faegR+8NYLw=="
    "resolved" "https://registry.npmjs.org/simple-eval/-/simple-eval-1.0.0.tgz"
    "version" "1.0.0"
    dependencies:
      "jsep" "^1.1.2"
  
  "smart-buffer@^4.1.0":
    "integrity" "sha512-94hK0Hh8rPqQl2xXc3HsaBoOXKV20MToPkcXvwbISWLEs+64sBq5kFgn2kJDHb1Pry9yrP0dxrCI9RRci7RXKg=="
    "resolved" "https://registry.npmjs.org/smart-buffer/-/smart-buffer-4.2.0.tgz"
    "version" "4.2.0"
  
  "socks-proxy-agent@^5.0.0", "socks-proxy-agent@5":
    "integrity" "sha512-vZdmnjb9a2Tz6WEQVIurybSwElwPxMZaIc7PzqbJTrezcKNznv6giT7J7tZDZ1BojVaa1jvO/UiUdhDVB0ACoQ=="
    "resolved" "https://registry.npmjs.org/socks-proxy-agent/-/socks-proxy-agent-5.0.1.tgz"
    "version" "5.0.1"
    dependencies:
      "agent-base" "^6.0.2"
      "debug" "4"
      "socks" "^2.3.3"
  
  "socks@^2.3.3":
    "integrity" "sha512-kLQ9N5ucj8uIcxrDwjm0Jsqk06xdpBjGNQtpXy4Q8/QY2k+fY7nZH8CARy+hkbG+SGAovmzzuauCpBlb8FrnBA=="
    "resolved" "https://registry.npmjs.org/socks/-/socks-2.6.1.tgz"
    "version" "2.6.1"
    dependencies:
      "ip" "^1.1.5"
      "smart-buffer" "^4.1.0"
  
  "source-map@~0.6.1":
    "integrity" "sha512-UjgapumWlbMhkBgzT7Ykc5YXUT46F0iKu8SGXq0bcwP5dz/h0Plj6enJqjz1Zbq2l5WaqYnrVbwWOWMyF3F47g=="
    "resolved" "https://registry.npmjs.org/source-map/-/source-map-0.6.1.tgz"
    "version" "0.6.1"
  
  "sourcemap-codec@^1.4.4":
    "integrity" "sha512-9NykojV5Uih4lgo5So5dtw+f0JgJX30KCNI8gwhz2J9A15wD0Ml6tjHKwf6fTSa6fAdVBdZeNOs9eJ71qCk8vA=="
    "resolved" "https://registry.npmjs.org/sourcemap-codec/-/sourcemap-codec-1.4.8.tgz"
    "version" "1.4.8"
  
  "statuses@>= 1.5.0 < 2":
    "integrity" "sha1-Fhx9rBd2Wf2YEfQ3cfqZOBR4Yow="
    "resolved" "https://registry.npmjs.org/statuses/-/statuses-1.5.0.tgz"
    "version" "1.5.0"
  
  "string_decoder@~0.10.x":
    "integrity" "sha1-YuIDvEF2bGwoyfyEMB2rHFMQ+pQ="
    "resolved" "https://registry.npmjs.org/string_decoder/-/string_decoder-0.10.31.tgz"
    "version" "0.10.31"
  
  "string-width@^4.1.0", "string-width@^4.2.0":
    "integrity" "sha512-wKyQRQpjJ0sIp62ErSZdGsjMJWsap5oRNihHhu6G7JVO/9jIB6UyevL+tXuOqrng8j/cxKTWyWUwvSTriiZz/g=="
    "resolved" "https://registry.npmjs.org/string-width/-/string-width-4.2.3.tgz"
    "version" "4.2.3"
    dependencies:
      "emoji-regex" "^8.0.0"
      "is-fullwidth-code-point" "^3.0.0"
      "strip-ansi" "^6.0.1"
  
  "strip-ansi@^6.0.0", "strip-ansi@^6.0.1", "strip-ansi@6.0":
    "integrity" "sha512-Y38VPSHcqkFrCpFnQ9vuSXmquuv5oXOKpGeT6aGrr3o3Gc9AlVa6JBfUSOCnbxGGZF+/0ooI7KrPuUSztUdU5A=="
    "resolved" "https://registry.npmjs.org/strip-ansi/-/strip-ansi-6.0.1.tgz"
    "version" "6.0.1"
    dependencies:
      "ansi-regex" "^5.0.1"
  
  "supports-color@^7.1.0":
    "integrity" "sha512-qpCAvRl9stuOHveKsn7HncJRvv501qIacKzQlO/+Lwxc9+0q2wLyv4Dfvt80/DPn2pqOBsJdDiogXGR9+OvwRw=="
    "resolved" "https://registry.npmjs.org/supports-color/-/supports-color-7.2.0.tgz"
    "version" "7.2.0"
    dependencies:
      "has-flag" "^4.0.0"
  
  "text-table@0.2":
    "integrity" "sha1-f17oI66AUgfACvLfSoTsP8+lcLQ="
    "resolved" "https://registry.npmjs.org/text-table/-/text-table-0.2.0.tgz"
    "version" "0.2.0"
  
  "to-regex-range@^5.0.1":
    "integrity" "sha512-65P7iz6X5yEr1cwcgvQxbbIw7Uk3gOy5dIdtZ4rDveLqhrdJP+Li/Hx6tyK0NEb+2GCyneCMJiGqrADCSNk8sQ=="
    "resolved" "https://registry.npmjs.org/to-regex-range/-/to-regex-range-5.0.1.tgz"
    "version" "5.0.1"
    dependencies:
      "is-number" "^7.0.0"
  
  "toidentifier@1.0.1":
    "integrity" "sha512-o5sSPKEkg/DIQNmH43V0/uerLrpzVedkUh8tGNvaeXpfpuwjKenlSox/2O/BTlZUtEe+JG7s5YhEz608PlAHRA=="
    "resolved" "https://registry.npmjs.org/toidentifier/-/toidentifier-1.0.1.tgz"
    "version" "1.0.1"
  
  "tr46@~0.0.3":
    "integrity" "sha1-gYT9NH2snNwYWZLzpmIuFLnZq2o="
    "resolved" "https://registry.npmjs.org/tr46/-/tr46-0.0.3.tgz"
    "version" "0.0.3"
  
  "tslib@^1.14.1":
    "integrity" "sha512-Xni35NKzjgMrwevysHTCArtLDpPvye8zV/0E4EyYn43P7/7qvQwPh9BGkHewbMulVntbigmcT7rdX3BNo9wRJg=="
    "resolved" "https://registry.npmjs.org/tslib/-/tslib-1.14.1.tgz"
    "version" "1.14.1"
  
  "tslib@^2.0.1", "tslib@^2.2.0", "tslib@^2.3.0", "tslib@^2.3.1":
    "integrity" "sha512-77EbyPPpMz+FRFRuAFlWMtmgUWGe9UOG2Z25NqCwiIjRhOf5iKGuzSe5P2w1laq+FkRy4p+PCuVkJSGkzTEKVw=="
    "resolved" "https://registry.npmjs.org/tslib/-/tslib-2.3.1.tgz"
    "version" "2.3.1"
  
  "type-check@~0.3.2":
    "integrity" "sha1-WITKtRLPHTVeP7eE8wgEsrUg23I="
    "resolved" "https://registry.npmjs.org/type-check/-/type-check-0.3.2.tgz"
    "version" "0.3.2"
    dependencies:
      "prelude-ls" "~1.1.2"
  
  "universalify@^0.1.0":
    "integrity" "sha512-rBJeI5CXAlmy1pV+617WB9J63U6XcazHHF2f2dbJix4XzpUF0RS3Zbj0FGIOCAva5P/d/GBOYaACQ1w+0azUkg=="
    "resolved" "https://registry.npmjs.org/universalify/-/universalify-0.1.2.tgz"
    "version" "0.1.2"
  
  "unpipe@1.0.0":
    "integrity" "sha1-sr9O6FFKrmFltIF4KdIbLvSZBOw="
    "resolved" "https://registry.npmjs.org/unpipe/-/unpipe-1.0.0.tgz"
    "version" "1.0.0"
  
  "uri-js@^4.2.2":
    "integrity" "sha512-7rKUyy33Q1yc98pQ1DAmLtwX109F7TIfWlW1Ydo8Wl1ii1SeHieeh0HHfPeL2fMXK6z0s8ecKs9frCuLJvndBg=="
    "resolved" "https://registry.npmjs.org/uri-js/-/uri-js-4.4.1.tgz"
    "version" "4.4.1"
    dependencies:
      "punycode" "^2.1.0"
  
  "urijs@^1.19.6":
    "integrity" "sha512-Id+IKjdU0Hx+7Zx717jwLPsPeUqz7rAtuVBRLLs+qn+J2nf9NGITWVCxcijgYxBqe83C7sqsQPs6H1pyz3x9gA=="
    "resolved" "https://registry.npmjs.org/urijs/-/urijs-1.19.7.tgz"
    "version" "1.19.7"
  
  "utility-types@^3.10.0":
    "integrity" "sha512-O11mqxmi7wMKCo6HKFt5AhO4BwY3VV68YU07tgxfz8zJTIxr4BpsezN49Ffwy9j3ZpwwJp4fkRwjRzq3uWE6Rg=="
    "resolved" "https://registry.npmjs.org/utility-types/-/utility-types-3.10.0.tgz"
    "version" "3.10.0"
  
  "validate-npm-package-name@3.0.0":
    "integrity" "sha1-X6kS2B630MdK/BQN5zF/DKffQ34="
    "resolved" "https://registry.npmjs.org/validate-npm-package-name/-/validate-npm-package-name-3.0.0.tgz"
    "version" "3.0.0"
    dependencies:
      "builtins" "^1.0.3"
  
  "vm2@^3.9.3":
    "integrity" "sha512-LuCAHZN75H9tdrAiLFf030oW7nJV5xwNMuk1ymOZwopmuK3d2H4L1Kv4+GFHgarKiLfXXLFU+7LDABHnwOkWng=="
    "resolved" "https://registry.npmjs.org/vm2/-/vm2-3.9.5.tgz"
    "version" "3.9.5"
  
  "webidl-conversions@^3.0.0":
    "integrity" "sha1-JFNCdeKnvGvnvIZhHMFq4KVlSHE="
    "resolved" "https://registry.npmjs.org/webidl-conversions/-/webidl-conversions-3.0.1.tgz"
    "version" "3.0.1"
  
  "whatwg-url@^5.0.0":
    "integrity" "sha1-lmRU6HZUYuN2RNNib2dCzotwll0="
    "resolved" "https://registry.npmjs.org/whatwg-url/-/whatwg-url-5.0.0.tgz"
    "version" "5.0.0"
    dependencies:
      "tr46" "~0.0.3"
      "webidl-conversions" "^3.0.0"
  
  "wolfy87-eventemitter@~5.2.8":
    "integrity" "sha512-P+6vtWyuDw+MB01X7UeF8TaHBvbCovf4HPEMF/SV7BdDc1SMTiBy13SRD71lQh4ExFTG1d/WNzDGDCyOKSMblw=="
    "resolved" "https://registry.npmjs.org/wolfy87-eventemitter/-/wolfy87-eventemitter-5.2.9.tgz"
    "version" "5.2.9"
  
  "word-wrap@~1.2.3":
    "integrity" "sha512-Hz/mrNwitNRh/HUAtM/VT/5VH+ygD6DV7mYKZAtHOrbs8U7lvPS6xf7EJKMF0uW1KJCl0H701g3ZGus+muE5vQ=="
    "resolved" "https://registry.npmjs.org/word-wrap/-/word-wrap-1.2.3.tgz"
    "version" "1.2.3"
  
  "wrap-ansi@^7.0.0":
    "integrity" "sha512-YVGIj2kamLSTxw6NsZjoBxfSwsn0ycdesmc4p+Q21c5zPuZ1pl+NfxVdxPtdHvmNVOQ6XSYG4AUtyt/Fi7D16Q=="
    "resolved" "https://registry.npmjs.org/wrap-ansi/-/wrap-ansi-7.0.0.tgz"
    "version" "7.0.0"
    dependencies:
      "ansi-styles" "^4.0.0"
      "string-width" "^4.1.0"
      "strip-ansi" "^6.0.0"
  
  "wrappy@1":
    "integrity" "sha1-tSQ9jz7BqjXxNkYFvA0QNuMKtp8="
    "resolved" "https://registry.npmjs.org/wrappy/-/wrappy-1.0.2.tgz"
    "version" "1.0.2"
  
  "xregexp@2.0.0":
    "integrity" "sha1-UqY+VsoLhKfzpfPWGHLxJq16WUM="
    "resolved" "https://registry.npmjs.org/xregexp/-/xregexp-2.0.0.tgz"
    "version" "2.0.0"
  
  "y18n@^5.0.5":
    "integrity" "sha512-0pfFzegeDWJHJIAmTLRP2DwHjdF5s7jo9tuztdQxAhINCdvS+3nGINqPd00AphqJR/0LhANUS6/+7SCb98YOfA=="
    "resolved" "https://registry.npmjs.org/y18n/-/y18n-5.0.8.tgz"
    "version" "5.0.8"
  
  "yallist@^3.0.2":
    "integrity" "sha512-a4UGQaWPH59mOXUYnAG2ewncQS4i4F43Tv3JoAM+s2VDAmS9NsK8GpDMLrCHPksFT7h3K6TOoUNn2pb7RoXx4g=="
    "resolved" "https://registry.npmjs.org/yallist/-/yallist-3.1.1.tgz"
    "version" "3.1.1"
  
  "yargs-parser@^20.2.2":
    "integrity" "sha512-y11nGElTIV+CT3Zv9t7VKl+Q3hTQoT9a1Qzezhhl6Rp21gJ/IVTW7Z3y9EWXhuUBC2Shnf+DX0antecpAwSP8w=="
    "resolved" "https://registry.npmjs.org/yargs-parser/-/yargs-parser-20.2.9.tgz"
    "version" "20.2.9"
  
  "yargs@17.2.1":
    "integrity" "sha512-XfR8du6ua4K6uLGm5S6fA+FIJom/MdJcFNVY8geLlp2v8GYbOXD4EB1tPNZsRn4vBzKGMgb5DRZMeWuFc2GO8Q=="
    "resolved" "https://registry.npmjs.org/yargs/-/yargs-17.2.1.tgz"
    "version" "17.2.1"
    dependencies:
      "cliui" "^7.0.2"
      "escalade" "^3.1.1"
      "get-caller-file" "^2.0.5"
      "require-directory" "^2.1.1"
      "string-width" "^4.2.0"
      "y18n" "^5.0.5"
      "yargs-parser" "^20.2.2"
